\BOOKMARK [1][-]{section.1}{\376\377\000M\000a\000t\000h\000s}{}% 1
\BOOKMARK [2][-]{subsection.1.1}{\376\377\000C\000h\000e\000c\000k\000\040\000n\000u\000m\000b\000e\000r\000\040\000p\000a\000r\000i\000t\000y\000\040\000f\000a\000s\000t}{section.1}% 2
\BOOKMARK [2][-]{subsection.1.2}{\376\377\000Q\000u\000i\000c\000k\000\040\000m\000u\000l\000t\000i\000p\000l\000y\000/\000d\000i\000v\000i\000d\000e\000\040\000b\000y\000\040\000p\000o\000w\000e\000r\000s\000\040\000o\000f\000\040\0002}{section.1}% 3
\BOOKMARK [3][-]{subsubsection.1.2.1}{\376\377\000A\000p\000p\000l\000i\000c\000a\000t\000i\000o\000n\000:\000\040\000l\000o\000g\0002\000b\000a\000s\000e\000\040\000w\000i\000t\000h\000\040\000s\000h\000i\000f\000t\000\040\000r\000i\000g\000h\000t\000\040\000l\000o\000g\000i\000c\000a\000l}{subsection.1.2}% 4
\BOOKMARK [2][-]{subsection.1.3}{\376\377\000F\000a\000s\000t\000\040\000e\000x\000p\000o\000n\000e\000n\000t\000i\000a\000t\000i\000o\000n\000\040\000b\000y\000\040\000s\000q\000u\000a\000r\000i\000n\000g\000/\000b\000i\000n\000a\000r\000y\000\040\000e\000x\000p\000o\000n\000e\000n\000t\000i\000a\000t\000i\000o\000n}{section.1}% 5
\BOOKMARK [2][-]{subsection.1.4}{\376\377\000G\000a\000u\000s\000s\000i\000a\000n\000\040\000A\000d\000d\000i\000t\000i\000o\000n}{section.1}% 6
\BOOKMARK [2][-]{subsection.1.5}{\376\377\000G\000C\000D\000\040\000a\000n\000d\000\040\000E\000u\000c\000l\000i\000d\000e\000a\000n\000\040\000A\000l\000g\000o\000r\000i\000t\000h\000m}{section.1}% 7
\BOOKMARK [2][-]{subsection.1.6}{\376\377\000G\000C\000D\000\040\000a\000n\000d\000\040\000L\000C\000M}{section.1}% 8
\BOOKMARK [2][-]{subsection.1.7}{\376\377\000F\000i\000n\000d\000\040\000p\000r\000i\000m\000e\000s\000\040\000w\000i\000t\000h\000\040\000S\000i\000e\000v\000e\000\040\000o\000f\000\040\000E\000r\000a\000t\000o\000s\000t\000h\000e\000n\000e\000s}{section.1}% 9
\BOOKMARK [2][-]{subsection.1.8}{\376\377\000F\000i\000n\000d\000i\000n\000g\000\040\000f\000a\000c\000t\000o\000r\000s\000\040\000b\000y\000\040\000r\000e\000d\000u\000c\000i\000n\000g\000\040\000s\000e\000a\000r\000c\000h\000\040\000s\000p\000a\000c\000e\000\040\000t\000o\000\040\000n}{section.1}% 10
\BOOKMARK [2][-]{subsection.1.9}{\376\377\000M\000o\000d\000u\000l\000a\000r\000\040\000A\000r\000i\000t\000h\000m\000e\000t\000i\000c}{section.1}% 11
\BOOKMARK [3][-]{subsubsection.1.9.1}{\376\377\000C\000o\000n\000g\000r\000u\000e\000n\000c\000e\000:}{subsection.1.9}% 12
\BOOKMARK [2][-]{subsection.1.10}{\376\377\000F\000i\000b\000o\000n\000a\000c\000c\000i\000\040\000n\000u\000m\000b\000e\000r\000s\000\040\000a\000r\000e\000\040\000p\000e\000r\000i\000o\000d\000i\000c\000\040\000m\000o\000d\000u\000l\000o\000\040\000a\000n\000y\000\040\000n\000u\000m\000b\000e\000r\000:}{section.1}% 13
\BOOKMARK [1][-]{section.2}{\376\377\000S\000o\000r\000t\000i\000n\000g\000\040\000A\000l\000g\000o\000r\000i\000t\000h\000m\000s}{}% 14
\BOOKMARK [2][-]{subsection.2.1}{\376\377\000C\000o\000u\000n\000t\000i\000n\000g\000\040\000s\000o\000r\000t}{section.2}% 15
\BOOKMARK [1][-]{section.3}{\376\377\000T\000u\000t\000o\000r\000i\000a\000l\000s}{}% 16
\BOOKMARK [2][-]{subsection.3.1}{\376\377\000C\000o\000d\000e\000C\000h\000e\000f\000\040\000P\000r\000o\000b\000l\000e\000m\000\040\000C\000o\000d\000e\000:\000C\000H\000E\000F\000S\000Q\000R\000S}{section.3}% 17
\BOOKMARK [2][-]{subsection.3.2}{\376\377\000C\000o\000d\000e\000C\000h\000e\000f\000\040\000P\000r\000o\000b\000l\000e\000m\000\040\000C\000o\000d\000e\000:\000C\000H\000E\000F\000A\000D\000V}{section.3}% 18
\BOOKMARK [2][-]{subsection.3.3}{\376\377\000Q\000u\000e\000s\000t\000i\000o\000n\000\040\0001\000\050\000W\000a\000t\000e\000r\000m\000e\000l\000o\000n\000\040\0008\0000\0000\000\051\000:}{section.3}% 19
\BOOKMARK [2][-]{subsection.3.4}{\376\377\000Q\000u\000e\000s\000t\000i\000o\000n\000\040\0002\000\050\000W\000e\000i\000g\000h\000t\000s\000\040\000A\000s\000s\000i\000g\000n\000m\000e\000n\000t\000\040\000f\000o\000r\000\040\000T\000r\000e\000e\000\040\000E\000d\000g\000e\000s\000\040\0001\0005\0000\0000\000\051\000:}{section.3}% 20
\BOOKMARK [2][-]{subsection.3.5}{\376\377\000Q\000u\000e\000s\000t\000i\000o\000n\000\040\0003\000\050\000E\000s\000c\000a\000p\000e\000\040\000t\000h\000e\000\040\000m\000a\000z\000e\000\040\000h\000a\000r\000d\000\040\0001\0009\0000\0000\000\051\000:}{section.3}% 21
\BOOKMARK [2][-]{subsection.3.6}{\376\377\000Q\000u\000e\000s\000t\000i\000o\000n\000\040\0004\000\050\000A\000T\000M\000\040\000a\000n\000d\000\040\000S\000t\000u\000d\000e\000n\000t\000s\000\040\0001\0008\0000\0000\000\051}{section.3}% 22
